#
# There is insufficient memory for the Java Runtime Environment to continue.
# Native memory allocation (malloc) failed to allocate 32744 bytes for ChunkPool::allocate
# Possible reasons:
#   The system is out of physical RAM or swap space
#   In 32 bit mode, the process size limit was hit
# Possible solutions:
#   Reduce memory load on the system
#   Increase physical memory or swap space
#   Check if swap backing store is full
#   Use 64 bit Java on a 64 bit OS
#   Decrease Java heap size (-Xmx/-Xms)
#   Decrease number of Java threads
#   Decrease Java thread stack sizes (-Xss)
#   Set larger code cache with -XX:ReservedCodeCacheSize=
# This output file may be truncated or incomplete.
#
#  Out of Memory Error (allocation.cpp:273), pid=9784, tid=0x000000000000209c
#
# JRE version: Java(TM) SE Runtime Environment (8.0_171-b11) (build 1.8.0_171-b11)
# Java VM: Java HotSpot(TM) 64-Bit Server VM (25.171-b11 mixed mode windows-amd64 compressed oops)
# Failed to write core dump. Minidumps are not enabled by default on client versions of Windows
#

---------------  T H R E A D  ---------------

Current thread (0x0000000018471000):  JavaThread "C2 CompilerThread0" daemon [_thread_in_native, id=8348, stack(0x0000000018b40000,0x0000000018c40000)]

Stack: [0x0000000018b40000,0x0000000018c40000]
[error occurred during error reporting (printing stack bounds), id 0xc0000005]

Native frames: (J=compiled Java code, j=interpreted, Vv=VM code, C=native code)


Current CompileTask:
C2:  20931 4795   !   4       com.sun.beans.TypeResolver::resolve (274 bytes)


---------------  P R O C E S S  ---------------

Java Threads: ( => current thread )
  0x000000001fea1800 JavaThread "Memory manager" [_thread_blocked, id=9324, stack(0x0000000022a30000,0x0000000022b30000)]
  0x000000001fea0000 JavaThread "pool-1-thread-1" [_thread_blocked, id=7240, stack(0x0000000022730000,0x0000000022830000)]
  0x000000001fe9f000 JavaThread "build operations Thread 8" [_thread_blocked, id=9496, stack(0x0000000022230000,0x0000000022330000)]
  0x000000001fe99800 JavaThread "build operations Thread 7" [_thread_blocked, id=4184, stack(0x0000000022130000,0x0000000022230000)]
  0x000000001fea0800 JavaThread "build operations Thread 6" [_thread_blocked, id=6520, stack(0x0000000022030000,0x0000000022130000)]
  0x000000001a406000 JavaThread "build operations Thread 5" [_thread_blocked, id=9888, stack(0x0000000021f30000,0x0000000022030000)]
  0x000000001a40c800 JavaThread "build operations Thread 4" [_thread_blocked, id=4092, stack(0x0000000021e30000,0x0000000021f30000)]
  0x000000001a40b000 JavaThread "build operations Thread 3" [_thread_blocked, id=8680, stack(0x0000000021d30000,0x0000000021e30000)]
  0x000000001a408000 JavaThread "build operations Thread 2" [_thread_blocked, id=3272, stack(0x0000000020a40000,0x0000000020b40000)]
  0x000000001a40a800 JavaThread "build operations" [_thread_blocked, id=11012, stack(0x0000000020940000,0x0000000020a40000)]
  0x000000001a40c000 JavaThread "Cache worker for Artifact transforms cache (C:\Users\Administrator\.gradle\caches\transforms-1)" [_thread_blocked, id=9388, stack(0x0000000020440000,0x0000000020540000)]
  0x000000001a409800 JavaThread "Cache worker for file hash cache (E:\Android_Studio\IbookerEditorAndroid\.gradle\4.4\fileHashes)" [_thread_blocked, id=5092, stack(0x000000001cb40000,0x000000001cc40000)]
  0x000000001a409000 JavaThread "File lock request listener" [_thread_in_native, id=11240, stack(0x000000001ba70000,0x000000001bb70000)]
  0x000000001a407800 JavaThread "Cache worker for file hash cache (C:\Users\Administrator\.gradle\caches\4.4\fileHashes)" [_thread_blocked, id=11164, stack(0x000000001b970000,0x000000001ba70000)]
  0x000000001a249000 JavaThread "Stdin handler" [_thread_blocked, id=4312, stack(0x000000001b670000,0x000000001b770000)]
  0x000000001a22d800 JavaThread "Asynchronous log dispatcher for DefaultDaemonConnection: socket connection from /127.0.0.1:63560 to /127.0.0.1:63561" [_thread_blocked, id=8396, stack(0x000000001b470000,0x000000001b570000)]
  0x000000001a21e000 JavaThread "Daemon worker" [_thread_in_Java, id=732, stack(0x000000001b370000,0x000000001b470000)]
  0x000000001a217000 JavaThread "Cancel handler" [_thread_blocked, id=2488, stack(0x000000001b270000,0x000000001b370000)]
  0x000000001a2ca000 JavaThread "Handler for socket connection from /127.0.0.1:63560 to /127.0.0.1:63561" [_thread_in_native, id=10552, stack(0x000000001af70000,0x000000001b070000)]
  0x000000001a2ef000 JavaThread "Daemon" [_thread_blocked, id=8816, stack(0x000000001ae70000,0x000000001af70000)]
  0x000000001a2c9000 JavaThread "Daemon periodic checks" [_thread_blocked, id=9852, stack(0x000000001ad70000,0x000000001ae70000)]
  0x000000001a26e000 JavaThread "Incoming local TCP Connector on port 63560" [_thread_in_native, id=10756, stack(0x000000001ac10000,0x000000001ad10000)]
  0x000000001a1e6800 JavaThread "Daemon health stats" [_thread_blocked, id=9940, stack(0x000000001ab10000,0x000000001ac10000)]
  0x00000000184f3800 JavaThread "Service Thread" daemon [_thread_blocked, id=10004, stack(0x0000000018f40000,0x0000000019040000)]
  0x000000001847b800 JavaThread "C1 CompilerThread3" daemon [_thread_in_native, id=8884, stack(0x0000000018e40000,0x0000000018f40000)]
  0x0000000018478000 JavaThread "C2 CompilerThread2" daemon [_thread_in_native, id=4400, stack(0x0000000018d40000,0x0000000018e40000)]
  0x0000000018474000 JavaThread "C2 CompilerThread1" daemon [_thread_in_native, id=11236, stack(0x0000000018c40000,0x0000000018d40000)]
=>0x0000000018471000 JavaThread "C2 CompilerThread0" daemon [_thread_in_native, id=8348, stack(0x0000000018b40000,0x0000000018c40000)]
  0x00000000164f9000 JavaThread "Attach Listener" daemon [_thread_blocked, id=11104, stack(0x0000000018a40000,0x0000000018b40000)]
  0x000000001841d800 JavaThread "Signal Dispatcher" daemon [_thread_blocked, id=3292, stack(0x0000000018940000,0x0000000018a40000)]
  0x000000000272e000 JavaThread "Finalizer" daemon [_thread_blocked, id=10604, stack(0x00000000187e0000,0x00000000188e0000)]
  0x0000000002727000 JavaThread "Reference Handler" daemon [_thread_blocked, id=1436, stack(0x00000000182e0000,0x00000000183e0000)]
  0x0000000000a1d800 JavaThread "main" [_thread_blocked, id=10568, stack(0x00000000021c0000,0x00000000022c0000)]

Other Threads:
  0x00000000164e9800 VMThread [stack: 0x00000000181e0000,0x00000000182e0000] [id=504]
  0x0000000018525000 WatcherThread [stack: 0x0000000019040000,0x0000000019140000] [id=8204]

VM state:not at safepoint (normal execution)

VM Mutex/Monitor currently owned by a thread: None

Heap:
 PSYoungGen      total 92160K, used 60696K [0x00000000e0000000, 0x00000000e6f00000, 0x0000000100000000)
  eden space 84992K, 63% used [0x00000000e0000000,0x00000000e34916d8,0x00000000e5300000)
  from space 7168K, 95% used [0x00000000e6800000,0x00000000e6eb4a20,0x00000000e6f00000)
  to   space 10240K, 0% used [0x00000000e5b00000,0x00000000e5b00000,0x00000000e6500000)
 ParOldGen       total 100352K, used 15938K [0x00000000a0000000, 0x00000000a6200000, 0x00000000e0000000)
  object space 100352K, 15% used [0x00000000a0000000,0x00000000a0f90ad0,0x00000000a6200000)
 Metaspace       used 43654K, capacity 44698K, committed 45056K, reserved 1087488K
  class space    used 6000K, capacity 6304K, committed 6400K, reserved 1048576K

Card table byte_map: [0x0000000011af0000,0x0000000011e00000] byte_map_base: 0x00000000115f0000

Marking Bits: (ParMarkBitMap*) 0x00000000593608c0
 Begin Bits: [0x0000000012800000, 0x0000000014000000)
 End Bits:   [0x0000000014000000, 0x0000000015800000)

Polling page: 0x0000000000450000

CodeCache: size=245760Kb used=15015Kb max_used=15015Kb free=230744Kb
 bounds [0x0000000002730000, 0x00000000035f0000, 0x0000000011730000]
 total_blobs=5076 nmethods=4349 adapters=638
 compilation: enabled

Compilation events (10 events):
Event: 20.905 Thread 0x000000001847b800 4901       3       sun.nio.fs.WindowsFileSystemProvider::getFileAttributeView (118 bytes)
Event: 20.906 Thread 0x000000001847b800 nmethod 4901 0x00000000035dfed0 code [0x00000000035e0160, 0x00000000035e1008]
Event: 20.906 Thread 0x000000001847b800 4902       3       sun.nio.fs.WindowsFileAttributeViews::createBasicView (10 bytes)
Event: 20.906 Thread 0x000000001847b800 nmethod 4902 0x00000000035e1790 code [0x00000000035e1900, 0x00000000035e1bd0]
Event: 20.906 Thread 0x000000001847b800 4903       3       sun.nio.fs.WindowsFileAttributeViews$Basic::<init> (15 bytes)
Event: 20.906 Thread 0x000000001847b800 nmethod 4903 0x00000000035e1d10 code [0x00000000035e1e80, 0x00000000035e20b0]
Event: 20.906 Thread 0x000000001847b800 4905       3       sun.nio.fs.WindowsFileAttributes::isDirectory (25 bytes)
Event: 20.907 Thread 0x000000001847b800 nmethod 4905 0x00000000035e2190 code [0x00000000035e2300, 0x00000000035e25d0]
Event: 20.907 Thread 0x000000001847b800 4904   !   3       sun.nio.fs.WindowsNativeDispatcher::GetFileAttributesEx (30 bytes)
Event: 20.907 Thread 0x000000001847b800 nmethod 4904 0x00000000035e2690 code [0x00000000035e2840, 0x00000000035e2bd8]

GC Heap History (10 events):
Event: 10.933 GC heap before
{Heap before GC invocations=10 (full 1):
 PSYoungGen      total 61440K, used 58918K [0x00000000e0000000, 0x00000000e4780000, 0x0000000100000000)
  eden space 51712K, 100% used [0x00000000e0000000,0x00000000e3280000,0x00000000e3280000)
  from space 9728K, 74% used [0x00000000e3c00000,0x00000000e4309bb8,0x00000000e4580000)
  to   space 9728K, 0% used [0x00000000e3280000,0x00000000e3280000,0x00000000e3c00000)
 ParOldGen       total 62464K, used 8520K [0x00000000a0000000, 0x00000000a3d00000, 0x00000000e0000000)
  object space 62464K, 13% used [0x00000000a0000000,0x00000000a0852030,0x00000000a3d00000)
 Metaspace       used 31274K, capacity 31882K, committed 32000K, reserved 1077248K
  class space    used 4360K, capacity 4518K, committed 4608K, reserved 1048576K
Event: 10.941 GC heap after
Heap after GC invocations=10 (full 1):
 PSYoungGen      total 61440K, used 7364K [0x00000000e0000000, 0x00000000e5800000, 0x0000000100000000)
  eden space 51712K, 0% used [0x00000000e0000000,0x00000000e0000000,0x00000000e3280000)
  from space 9728K, 75% used [0x00000000e3280000,0x00000000e39b1238,0x00000000e3c00000)
  to   space 9728K, 0% used [0x00000000e4e80000,0x00000000e4e80000,0x00000000e5800000)
 ParOldGen       total 62464K, used 8528K [0x00000000a0000000, 0x00000000a3d00000, 0x00000000e0000000)
  object space 62464K, 13% used [0x00000000a0000000,0x00000000a0854030,0x00000000a3d00000)
 Metaspace       used 31274K, capacity 31882K, committed 32000K, reserved 1077248K
  class space    used 4360K, capacity 4518K, committed 4608K, reserved 1048576K
}
Event: 11.904 GC heap before
{Heap before GC invocations=11 (full 1):
 PSYoungGen      total 61440K, used 59076K [0x00000000e0000000, 0x00000000e5800000, 0x0000000100000000)
  eden space 51712K, 100% used [0x00000000e0000000,0x00000000e3280000,0x00000000e3280000)
  from space 9728K, 75% used [0x00000000e3280000,0x00000000e39b1238,0x00000000e3c00000)
  to   space 9728K, 0% used [0x00000000e4e80000,0x00000000e4e80000,0x00000000e5800000)
 ParOldGen       total 62464K, used 8528K [0x00000000a0000000, 0x00000000a3d00000, 0x00000000e0000000)
  object space 62464K, 13% used [0x00000000a0000000,0x00000000a0854030,0x00000000a3d00000)
 Metaspace       used 32412K, capacity 33096K, committed 33280K, reserved 1077248K
  class space    used 4525K, capacity 4751K, committed 4864K, reserved 1048576K
Event: 11.916 GC heap after
Heap after GC invocations=11 (full 1):
 PSYoungGen      total 79872K, used 4137K [0x00000000e0000000, 0x00000000e5a00000, 0x0000000100000000)
  eden space 70144K, 0% used [0x00000000e0000000,0x00000000e0000000,0x00000000e4480000)
  from space 9728K, 42% used [0x00000000e4e80000,0x00000000e528a648,0x00000000e5800000)
  to   space 10240K, 0% used [0x00000000e4480000,0x00000000e4480000,0x00000000e4e80000)
 ParOldGen       total 62464K, used 12876K [0x00000000a0000000, 0x00000000a3d00000, 0x00000000e0000000)
  object space 62464K, 20% used [0x00000000a0000000,0x00000000a0c933b0,0x00000000a3d00000)
 Metaspace       used 32412K, capacity 33096K, committed 33280K, reserved 1077248K
  class space    used 4525K, capacity 4751K, committed 4864K, reserved 1048576K
}
Event: 12.446 GC heap before
{Heap before GC invocations=12 (full 1):
 PSYoungGen      total 79872K, used 16095K [0x00000000e0000000, 0x00000000e5a00000, 0x0000000100000000)
  eden space 70144K, 17% used [0x00000000e0000000,0x00000000e0bad790,0x00000000e4480000)
  from space 9728K, 42% used [0x00000000e4e80000,0x00000000e528a648,0x00000000e5800000)
  to   space 10240K, 0% used [0x00000000e4480000,0x00000000e4480000,0x00000000e4e80000)
 ParOldGen       total 62464K, used 12876K [0x00000000a0000000, 0x00000000a3d00000, 0x00000000e0000000)
  object space 62464K, 20% used [0x00000000a0000000,0x00000000a0c933b0,0x00000000a3d00000)
 Metaspace       used 34762K, capacity 35390K, committed 35496K, reserved 1079296K
  class space    used 4846K, capacity 5076K, committed 5120K, reserved 1048576K
Event: 12.450 GC heap after
Heap after GC invocations=12 (full 1):
 PSYoungGen      total 80384K, used 3300K [0x00000000e0000000, 0x00000000e7200000, 0x0000000100000000)
  eden space 70144K, 0% used [0x00000000e0000000,0x00000000e0000000,0x00000000e4480000)
  from space 10240K, 32% used [0x00000000e4480000,0x00000000e47b9018,0x00000000e4e80000)
  to   space 10240K, 0% used [0x00000000e6800000,0x00000000e6800000,0x00000000e7200000)
 ParOldGen       total 62464K, used 14520K [0x00000000a0000000, 0x00000000a3d00000, 0x00000000e0000000)
  object space 62464K, 23% used [0x00000000a0000000,0x00000000a0e2e270,0x00000000a3d00000)
 Metaspace       used 34762K, capacity 35390K, committed 35496K, reserved 1079296K
  class space    used 4846K, capacity 5076K, committed 5120K, reserved 1048576K
}
Event: 12.450 GC heap before
{Heap before GC invocations=13 (full 2):
 PSYoungGen      total 80384K, used 3300K [0x00000000e0000000, 0x00000000e7200000, 0x0000000100000000)
  eden space 70144K, 0% used [0x00000000e0000000,0x00000000e0000000,0x00000000e4480000)
  from space 10240K, 32% used [0x00000000e4480000,0x00000000e47b9018,0x00000000e4e80000)
  to   space 10240K, 0% used [0x00000000e6800000,0x00000000e6800000,0x00000000e7200000)
 ParOldGen       total 62464K, used 14520K [0x00000000a0000000, 0x00000000a3d00000, 0x00000000e0000000)
  object space 62464K, 23% used [0x00000000a0000000,0x00000000a0e2e270,0x00000000a3d00000)
 Metaspace       used 34762K, capacity 35390K, committed 35496K, reserved 1079296K
  class space    used 4846K, capacity 5076K, committed 5120K, reserved 1048576K
Event: 12.557 GC heap after
Heap after GC invocations=13 (full 2):
 PSYoungGen      total 80384K, used 0K [0x00000000e0000000, 0x00000000e7200000, 0x0000000100000000)
  eden space 70144K, 0% used [0x00000000e0000000,0x00000000e0000000,0x00000000e4480000)
  from space 10240K, 0% used [0x00000000e4480000,0x00000000e4480000,0x00000000e4e80000)
  to   space 10240K, 0% used [0x00000000e6800000,0x00000000e6800000,0x00000000e7200000)
 ParOldGen       total 100352K, used 15930K [0x00000000a0000000, 0x00000000a6200000, 0x00000000e0000000)
  object space 100352K, 15% used [0x00000000a0000000,0x00000000a0f8ead0,0x00000000a6200000)
 Metaspace       used 34762K, capacity 35390K, committed 35496K, reserved 1079296K
  class space    used 4846K, capacity 5076K, committed 5120K, reserved 1048576K
}
Event: 19.362 GC heap before
{Heap before GC invocations=14 (full 2):
 PSYoungGen      total 80384K, used 70144K [0x00000000e0000000, 0x00000000e7200000, 0x0000000100000000)
  eden space 70144K, 100% used [0x00000000e0000000,0x00000000e4480000,0x00000000e4480000)
  from space 10240K, 0% used [0x00000000e4480000,0x00000000e4480000,0x00000000e4e80000)
  to   space 10240K, 0% used [0x00000000e6800000,0x00000000e6800000,0x00000000e7200000)
 ParOldGen       total 100352K, used 15930K [0x00000000a0000000, 0x00000000a6200000, 0x00000000e0000000)
  object space 100352K, 15% used [0x00000000a0000000,0x00000000a0f8ead0,0x00000000a6200000)
 Metaspace       used 40413K, capacity 41236K, committed 41472K, reserved 1085440K
  class space    used 5530K, capacity 5766K, committed 5888K, reserved 1048576K
Event: 19.378 GC heap after
Heap after GC invocations=14 (full 2):
 PSYoungGen      total 92160K, used 6866K [0x00000000e0000000, 0x00000000e6f00000, 0x0000000100000000)
  eden space 84992K, 0% used [0x00000000e0000000,0x00000000e0000000,0x00000000e5300000)
  from space 7168K, 95% used [0x00000000e6800000,0x00000000e6eb4a20,0x00000000e6f00000)
  to   space 10240K, 0% used [0x00000000e5b00000,0x00000000e5b00000,0x00000000e6500000)
 ParOldGen       total 100352K, used 15938K [0x00000000a0000000, 0x00000000a6200000, 0x00000000e0000000)
  object space 100352K, 15% used [0x00000000a0000000,0x00000000a0f90ad0,0x00000000a6200000)
 Metaspace       used 40413K, capacity 41236K, committed 41472K, reserved 1085440K
  class space    used 5530K, capacity 5766K, committed 5888K, reserved 1048576K
}

Deoptimization events (10 events):
Event: 19.347 Thread 0x000000001a21e000 Uncommon trap: reason=unstable_if action=reinterpret pc=0x0000000002c371f8 method=java.util.jar.JarFile.getInputStream(Ljava/util/zip/ZipEntry;)Ljava/io/InputStream; @ 37
Event: 19.356 Thread 0x000000001a21e000 Uncommon trap: reason=unstable_if action=reinterpret pc=0x00000000033ac550 method=java.util.jar.JarFile$JarFileEntry.getCodeSigners()[Ljava/security/CodeSigner; @ 24
Event: 19.356 Thread 0x000000001a21e000 Uncommon trap: reason=unstable_if action=reinterpret pc=0x0000000002c4b830 method=java.security.CodeSource.<init>(Ljava/net/URL;[Ljava/security/CodeSigner;)V @ 25
Event: 19.357 Thread 0x000000001a21e000 Uncommon trap: reason=unstable_if action=reinterpret pc=0x0000000002cb1eac method=java.security.CodeSource.getCertificates()[Ljava/security/cert/Certificate; @ 22
Event: 19.358 Thread 0x000000001a21e000 Uncommon trap: reason=unstable_if action=reinterpret pc=0x0000000002c3fdd4 method=java.security.CodeSource.matchCerts(Ljava/security/CodeSource;Z)Z @ 11
Event: 19.395 Thread 0x000000001a21e000 Uncommon trap: reason=unstable_if action=reinterpret pc=0x000000000288c038 method=java.util.LinkedHashMap.get(Ljava/lang/Object;)Ljava/lang/Object; @ 20
Event: 19.577 Thread 0x000000001a21e000 Uncommon trap: reason=unstable_if action=reinterpret pc=0x0000000002b3525c method=org.gradle.internal.logging.text.AbstractLineChoppingStyledTextOutput$2.execute(Lorg/gradle/internal/logging/text/AbstractLineChoppingStyledTextOutput$StateContext;)V @ 30
Event: 19.577 Thread 0x000000001a21e000 Uncommon trap: reason=unstable_if action=reinterpret pc=0x0000000002affc4c method=org.gradle.internal.logging.text.AbstractLineChoppingStyledTextOutput$2.execute(Lorg/gradle/internal/logging/text/AbstractLineChoppingStyledTextOutput$StateContext;)V @ 30
Event: 19.934 Thread 0x000000001a21e000 Uncommon trap: reason=unstable_if action=reinterpret pc=0x000000000294c4dc method=org.gradle.internal.reflect.PropertyAccessorType.of(Ljava/lang/reflect/Method;)Lorg/gradle/internal/reflect/PropertyAccessorType; @ 56
Event: 20.124 Thread 0x000000001a21e000 Uncommon trap: reason=class_check action=maybe_recompile pc=0x0000000002f7c07c method=org.codehaus.groovy.runtime.metaclass.MetaMethodIndex.addMethodToList(Ljava/lang/Object;Lgroovy/lang/MetaMethod;)Ljava/lang/Object; @ 220

Classes redefined (0 events):
No events

Internal exceptions (10 events):
Event: 20.909 Thread 0x000000001a21e000 Exception <a 'sun/nio/fs/WindowsException'> (0x00000000e32d2478) thrown at [C:\re\workspace\8-2-build-windows-amd64-cygwin\jdk8u171\10807\hotspot\src\share\vm\prims\jni.cpp, line 709]
Event: 20.909 Thread 0x000000001a21e000 Exception <a 'sun/nio/fs/WindowsException'> (0x00000000e32d2fb8) thrown at [C:\re\workspace\8-2-build-windows-amd64-cygwin\jdk8u171\10807\hotspot\src\share\vm\prims\jni.cpp, line 709]
Event: 20.910 Thread 0x000000001a21e000 Exception <a 'sun/nio/fs/WindowsException'> (0x00000000e32d7f68) thrown at [C:\re\workspace\8-2-build-windows-amd64-cygwin\jdk8u171\10807\hotspot\src\share\vm\prims\jni.cpp, line 709]
Event: 20.910 Thread 0x000000001a21e000 Exception <a 'sun/nio/fs/WindowsException'> (0x00000000e32d8a80) thrown at [C:\re\workspace\8-2-build-windows-amd64-cygwin\jdk8u171\10807\hotspot\src\share\vm\prims\jni.cpp, line 709]
Event: 20.910 Thread 0x000000001a21e000 Exception <a 'sun/nio/fs/WindowsException'> (0x00000000e32da5d0) thrown at [C:\re\workspace\8-2-build-windows-amd64-cygwin\jdk8u171\10807\hotspot\src\share\vm\prims\jni.cpp, line 709]
Event: 20.910 Thread 0x000000001a21e000 Exception <a 'sun/nio/fs/WindowsException'> (0x00000000e32db128) thrown at [C:\re\workspace\8-2-build-windows-amd64-cygwin\jdk8u171\10807\hotspot\src\share\vm\prims\jni.cpp, line 709]
Event: 20.912 Thread 0x000000001a21e000 Exception <a 'sun/nio/fs/WindowsException'> (0x00000000e32e2640) thrown at [C:\re\workspace\8-2-build-windows-amd64-cygwin\jdk8u171\10807\hotspot\src\share\vm\prims\jni.cpp, line 709]
Event: 20.912 Thread 0x000000001a21e000 Exception <a 'sun/nio/fs/WindowsException'> (0x00000000e32e3148) thrown at [C:\re\workspace\8-2-build-windows-amd64-cygwin\jdk8u171\10807\hotspot\src\share\vm\prims\jni.cpp, line 709]
Event: 20.912 Thread 0x000000001a21e000 Exception <a 'sun/nio/fs/WindowsException'> (0x00000000e32e4c98) thrown at [C:\re\workspace\8-2-build-windows-amd64-cygwin\jdk8u171\10807\hotspot\src\share\vm\prims\jni.cpp, line 709]
Event: 20.912 Thread 0x000000001a21e000 Exception <a 'sun/nio/fs/WindowsException'> (0x00000000e32e57d8) thrown at [C:\re\workspace\8-2-build-windows-amd64-cygwin\jdk8u171\10807\hotspot\src\share\vm\prims\jni.cpp, line 709]

Events (10 events):
Event: 20.827 loading class java/util/stream/Node$OfDouble done
Event: 20.827 loading class java/util/stream/Nodes$EmptyNode$OfDouble done
Event: 20.827 loading class java/util/stream/Nodes$SpinedNodeBuilder
Event: 20.827 loading class java/util/stream/Node$Builder
Event: 20.827 loading class java/util/stream/Node$Builder done
Event: 20.827 loading class java/util/stream/SpinedBuffer
Event: 20.828 loading class java/util/stream/AbstractSpinedBuffer
Event: 20.828 loading class java/util/stream/AbstractSpinedBuffer done
Event: 20.828 loading class java/util/stream/SpinedBuffer done
Event: 20.829 loading class java/util/stream/Nodes$SpinedNodeBuilder done


Dynamic libraries:
0x00007ff6a3290000 - 0x00007ff6a32c7000 	E:\JAVA\jdk1.8.0_171\bin\java.exe
0x00007ff8d9100000 - 0x00007ff8d92c1000 	C:\Windows\SYSTEM32\ntdll.dll
0x00007ff8d6b30000 - 0x00007ff8d6bdd000 	C:\Windows\system32\KERNEL32.DLL
0x00007ff8d6030000 - 0x00007ff8d6218000 	C:\Windows\system32\KERNELBASE.dll
0x00007ff8d38f0000 - 0x00007ff8d3969000 	C:\Windows\system32\apphelp.dll
0x00007ff8d6d30000 - 0x00007ff8d6dd7000 	C:\Windows\system32\ADVAPI32.dll
0x00007ff8d6870000 - 0x00007ff8d690d000 	C:\Windows\system32\msvcrt.dll
0x00007ff8d6810000 - 0x00007ff8d686b000 	C:\Windows\system32\sechost.dll
0x00007ff8d8df0000 - 0x00007ff8d8f0c000 	C:\Windows\system32\RPCRT4.dll
0x00007ff8d8570000 - 0x00007ff8d86c6000 	C:\Windows\system32\USER32.dll
0x00007ff8d8c60000 - 0x00007ff8d8de6000 	C:\Windows\system32\GDI32.dll
0x00007ff8cf490000 - 0x00007ff8cf704000 	C:\Windows\WinSxS\amd64_microsoft.windows.common-controls_6595b64144ccf1df_6.0.10586.0_none_8c15ae12515e1c22\COMCTL32.dll
0x00007ff8d6500000 - 0x00007ff8d677d000 	C:\Windows\system32\combase.dll
0x00007ff8d5e00000 - 0x00007ff8d5e6a000 	C:\Windows\system32\bcryptPrimitives.dll
0x00007ff8d6cf0000 - 0x00007ff8d6d2b000 	C:\Windows\system32\IMM32.DLL
0x000000005a040000 - 0x000000005a112000 	E:\JAVA\jdk1.8.0_171\jre\bin\msvcr100.dll
0x0000000058b40000 - 0x00000000593e0000 	E:\JAVA\jdk1.8.0_171\jre\bin\server\jvm.dll
0x00007ff8d86d0000 - 0x00007ff8d86d8000 	C:\Windows\system32\PSAPI.DLL
0x00007ff8d2930000 - 0x00007ff8d2939000 	C:\Windows\SYSTEM32\WSOCK32.dll
0x00007ff8d39f0000 - 0x00007ff8d3a13000 	C:\Windows\SYSTEM32\WINMM.dll
0x00007ff8d0ba0000 - 0x00007ff8d0baa000 	C:\Windows\SYSTEM32\VERSION.dll
0x0000000002190000 - 0x00000000021bc000 	C:\Windows\SYSTEM32\WINMMBASE.dll
0x00007ff8d6220000 - 0x00007ff8d6263000 	C:\Windows\system32\cfgmgr32.dll
0x00007ff8d6780000 - 0x00007ff8d67eb000 	C:\Windows\system32\WS2_32.dll
0x000000005a030000 - 0x000000005a03f000 	E:\JAVA\jdk1.8.0_171\jre\bin\verify.dll
0x0000000058b10000 - 0x0000000058b39000 	E:\JAVA\jdk1.8.0_171\jre\bin\java.dll
0x000000005a010000 - 0x000000005a026000 	E:\JAVA\jdk1.8.0_171\jre\bin\zip.dll
0x00007ff8d7010000 - 0x00007ff8d856c000 	C:\Windows\system32\SHELL32.dll
0x00007ff8d57b0000 - 0x00007ff8d5df5000 	C:\Windows\system32\windows.storage.dll
0x00007ff8d6910000 - 0x00007ff8d6962000 	C:\Windows\system32\shlwapi.dll
0x00007ff8d5790000 - 0x00007ff8d579f000 	C:\Windows\system32\kernel.appcore.dll
0x00007ff8d6440000 - 0x00007ff8d64f5000 	C:\Windows\system32\shcore.dll
0x00007ff8d5740000 - 0x00007ff8d578b000 	C:\Windows\system32\powrprof.dll
0x00007ff8d5720000 - 0x00007ff8d5734000 	C:\Windows\system32\profapi.dll
0x0000000058af0000 - 0x0000000058b0a000 	E:\JAVA\jdk1.8.0_171\jre\bin\net.dll
0x00007ff8d5020000 - 0x00007ff8d507c000 	C:\Windows\system32\mswsock.dll
0x0000000058ad0000 - 0x0000000058ae1000 	E:\JAVA\jdk1.8.0_171\jre\bin\nio.dll
0x00007ff8c2c10000 - 0x00007ff8c2c2e000 	C:\Users\Administrator\.gradle\native\25\windows-amd64\native-platform.dll
0x0000000058ac0000 - 0x0000000058acd000 	E:\JAVA\jdk1.8.0_171\jre\bin\management.dll
0x00007ff8d50d0000 - 0x00007ff8d50e7000 	C:\Windows\SYSTEM32\CRYPTSP.dll
0x00007ff8d4d60000 - 0x00007ff8d4d94000 	C:\Windows\system32\rsaenh.dll
0x00007ff8d52f0000 - 0x00007ff8d5319000 	C:\Windows\SYSTEM32\bcrypt.dll
0x00007ff8d4eb0000 - 0x00007ff8d4ecf000 	C:\Windows\SYSTEM32\USERENV.dll
0x00007ff8d51f0000 - 0x00007ff8d51fb000 	C:\Windows\SYSTEM32\CRYPTBASE.dll
0x00007ff8d2d70000 - 0x00007ff8d2da8000 	C:\Windows\SYSTEM32\IPHLPAPI.DLL
0x00007ff8d9020000 - 0x00007ff8d9028000 	C:\Windows\system32\NSI.dll
0x00007ff8d01d0000 - 0x00007ff8d01e6000 	C:\Windows\SYSTEM32\dhcpcsvc6.DLL
0x00007ff8d01b0000 - 0x00007ff8d01ca000 	C:\Windows\SYSTEM32\dhcpcsvc.DLL

VM Arguments:
jvm_args: -Xmx1536m -Dfile.encoding=GBK -Duser.country=CN -Duser.language=zh -Duser.variant 
java_command: org.gradle.launcher.daemon.bootstrap.GradleDaemon 4.4
java_class_path (initial): C:\Users\Administrator\.gradle\wrapper\dists\gradle-4.4-all\9br9xq1tocpiv8o6njlyu5op1\gradle-4.4\lib\gradle-launcher-4.4.jar
Launcher Type: SUN_STANDARD

Environment Variables:
JAVA_HOME=E:\JAVA\jdk1.8.0_171
CLASSPATH=.;E:\JAVA\jdk1.8.0_171\lib\dt.jar;E:\JAVA\jdk1.8.0_171\lib\tools.jar;
PATH=C:\Program Files (x86)\Common Files\Oracle\Java\javapath;C:\Windows\system32;C:\Windows;C:\Windows\System32\Wbem;C:\Windows\System32\WindowsPowerShell\v1.0\;E:\JAVA\jdk1.8.0_171\bin;C:\Program Files\MySQL\MySQL Server 5.5\bin;E:\Maven\apache-maven-3.3.9\bin;E:\SVN\TortoiseSVN\bin;E:\UltraEdit;C:\Program Files\IDM Computer Solutions\UltraCompare;E:\Git\Git\cmd
USERNAME=Administrator
OS=Windows_NT
PROCESSOR_IDENTIFIER=Intel64 Family 6 Model 94 Stepping 3, GenuineIntel



---------------  S Y S T E M  ---------------

OS: Windows 10.0 , 64 bit Build 10586 (10.0.10586.0)

CPU:total 8 (initial active 8) (4 cores per cpu, 2 threads per core) family 6 model 94 stepping 3, cmov, cx8, fxsr, mmx, sse, sse2, sse3, ssse3, sse4.1, sse4.2, popcnt, avx, avx2, aes, clmul, erms, rtm, 3dnowpref, lzcnt, ht, tsc, tscinvbit, bmi1, bmi2, adx

Memory: 4k page, physical 8275840k(894608k free), swap 10372992k(4128k free)

vm_info: Java HotSpot(TM) 64-Bit Server VM (25.171-b11) for windows-amd64 JRE (1.8.0_171-b11), built on Mar 28 2018 16:06:12 by "java_re" with MS VC++ 10.0 (VS2010)

time: Sat Aug 18 19:43:41 2018
elapsed time: 20 seconds (0d 0h 0m 20s)

